2 8890 2528
2 8773 9287
2 7013 2887
2 2384 4471
2 8670 7581
2 4679 2591
4 719 1817 6644 2746
3 6252 3539 2650
2 1135 7433
2 1178 4887
3 7109 2736 5575
3 563 6544 3064
2 3654 6527
2 6031 7948
2 7468 3207
2 3696 5982
2 7227 1626
2 2418 7909
2 3578 4796
2 9121 5071
3 2015 2573 4865
2 6321 4941
3 9550 2660 5653
4 6403 8088 9601 962
2 7716 6753
2 2176 820
3 8758 9459 7767
2 8227 3638
2 7913 3202
5 9913 3321 1356 4054 8898
2 3647 6517
4 1105 5480 4022 1594
3 8878 3358 6610
2 311 7110
2 6039 1855
2 4829 5903
3 9449 7575 5067
2 5991 2939
2 5649 1880
2 7325 4818
2 8184 476
2 8578 2053
4 7862 5091 2502 3897
2 8965 7206
2 1563 4027
2 3708 8563
4 549 4948 2718 1190
4 1776 768 7804 7678
2 8967 4325
8 2735 1335 7957 474 8520 6735 9927 5821
2 1192 8727
5 4644 9954 8895 8885 1082
3 6912 6377 9921
2 5983 7809
2 3608 3560
2 2297 1399
2 666 1159
7 3580 5934 4066 3147 9377 1452 6828
2 306 8994
4 8711 3936 5891 8308
7 3090 4435 9619 1209 2944 4011 1344
6 1560 7108 3760 8397 7304 4817
2 1803 1339
7 9313 2695 4309 9325 1194 364 8596
2 8071 7376
2 1778 1000
7 3055 7929 6633 1866 6745 1381 2486
2 1874 2758
2 9483 3341
2 5332 5226
5 4058 8102 5245 873 6686
4 8306 4390 7182 8013
2 499 492
2 4411 3491
3 1973 8303 6063
2 6879 8824
9 1040 6663 4143 6916 6965 4090 4352 6190 7813
5 1269 4467 2212 7519 4374
2 7355 4469
2 368 1555
2 9925 8730
2 3381 978
2 8192 9803
7 9563 6724 6901 8024 489 7779 4646
4 7347 2346 4476 1403
5 7346 8968 3111 4700 2658
2 7444 5513
2 1208 9868
2 3291 9824
2 9252 7632
3 9864 9251 4557
10 8292 2061 3555 9291 7088 7561 4255 9845 5562 7773
4 3362 4138 9569 204
12 1273 6381 700 5970 4842 7889 5237 3655 8731 1904 4717 773
13 4078 7657 8950 6466 3249 2465 7104 1515 3104 8477 1784 5371 4793
8 4758 6228 5868 7956 1414 8290 9349 7025
2 5441 9250
2 3614 180
6 6541 268 568 789 4520 9723
11 1867 7401 622 4214 3197 7020 3138 6155 2056 7464 8253
2 1376 6441
10 3693 9090 1228 4196 9996 3191 1838 7379 872 2669
11 5018 7429 6695 6263 6822 5222 2589 6740 5377 3193 2430
3 1002 1844 4181
10 1992 2247 6913 5858 3245 1773 8086 8459 2751 5059
12 5717 9679 2986 8149 6654 2774 8395 5743 8557 7891 2288 8330
9 7119 7711 1407 734 2166 6884 4836 1067 6600
10 3371 3030 3692 6815 4687 1113 3168 2717 7122 7458
10 7952 3629 7799 2316 3607 8204 5721 9579 9186 2620
2 4070 5478
2 7284 2445
20 5693 9581 2327 3457 6670 1724 5387 3869 3334 7373 4207 3345 8277 2649 8598 8291 6238 3028 1327 6221
5 4048 7147 1706 3656 9304
2 1319 9360
2 7613 9049
2 9763 4483
19 187 6198 9675 8587 4150 1315 7455 1353 9670 864 6208 9702 9105 6825 933 2291 1959 4301 5618
2 9044 9520
18 5324 713 3307 2135 5161 8509 3025 4475 5500 7319 6529 8915 7864 7663 6480 8237 3225 7600
13 6412 9216 3855 7229 6269 6418 9402 6164 3005 6607 7196 3230 6018
14 7070 84 9847 8420 5381 8189 6662 8840 5615 326 8224 209 5553 9515
2 1146 5886
11 1757 117 375 8564 113 920 6150 3311 1206 4006 1015
17 9084 2941 3442 6831 9020 7475 3651 6304 5086 5887 1252 5748 6634 1326 8505 2541 9693
14 1978 6689 5424 2313 8489 5304 567 2917 8792 854 6200 7387 9019 2866
3 7684 174 5334
14 2519 1005 9979 957 3008 8458 5885 4815 9815 9804 4673 4636 7453 1022
2 1023 2951
16 303 7040 8703 4495 4586 3546 9003 6160 9463 3758 8254 8298 2954 6197 1785 240
5 1529 1061 3809 3310 8850
2 4528 5578
17 4379 3988 8675 4601 4346 5192 7993 2512 2915 1421 9636 493 8040 7239 6463 3507 2491
2 23 6960
18 4494 7965 2432 519 7293 7499 5402 3826 4387 1013 4507 5954 9046 908 8553 389 5272 7676
20 1138 7399 3281 5445 1888 9935 1860 8715 3989 7428 8739 1260 7174 7633 5764 442 5724 8904 5914 7972
2 1246 6143
19 4071 1664 9752 4788 6694 7141 2788 8073 3833 5917 2828 2008 4629 5317 3635 5986 6588 8422 3749
2 9346 641
2 4588 4417
2 2412 4604
19 3167 29 8342 8029 580 7846 8447 5359 2422 5511 3116 2209 3594 2074 9436 7113 4853 5975 7391
2 9249 1545
2 8719 2265
2 4838 4949
2 233 7061
2 3729 7760
2 6515 3288
6 6591 4052 4678 4311 5159 4783
2 7075 2709
1 5968
21 2883 8640 423 4008 6277 1543 5440 1323 1512 2495 672 7210 8614 7535 2706 8099 4830 2693 1435 5979 8364
21 3549 8962 8175 7911 4536 1438 9976 6044 7768 9744 1227 8892 6409 3114 2132 3278 3685 1217 6744 9999 6935
2 8788 1140
5 8605 229 8825 4040 3517
2 310 835
16 3253 4637 5235 9187 9649 8728 9523 3667 5875 4421 2742 3773 2511 8546 1027 8433
19 4839 2720 7928 4307 3471 6783 5860 273 6424 3990 1794 4084 9503 7102 8353 1222 2966 8111 8047
5 4329 4361 7368 4755 6087
19 4525 8708 297 585 5343 9820 1447 4260 9920 4154 5771 895 3368 127 6597 5829 7990 6665 9648
2 1922 8000
26 8329 372 222 2571 88 7709 3294 1605 4781 2123 2026 7446 448 3830 146 9819 5341 4862 8665 9283 5054 7730 3086 8722 1680 4095
3 3709 3246 7527
3 5444 1713 5084
2 1143 8402
2 4420 3388
4 9418 2007 3185 4760
10 9985 7314 6327 8464 6173 8020 3811 8245 6090 1559
28 9140 2559 1993 8406 1833 1097 4428 9393 2838 5491 3865 3403 9385 4493 8421 5847 6460 3915 1024 4559 9489 9231 5190 4972 3848 5144 82 224
2 3824 437
4 5780 5296 4898 5865
6 7506 8139 9764 7723 3097 8558
2 4317 218
3 7362 5597 7509
3 5969 2463 9350
2 3827 4778
2 8571 89
22 2869 5716 9901 6649 7064 7156 5808 8449 7129 5890 1142 5295 2112 7152 3829 3547 4561 6038 6728 2099 4337 4332
2 6583 807
2 7015 3755
4 943 1131 8572 5784
5 1956 6521 1760 1089 5760
2 3088 8119
2 4736 1064
23 5300 3149 1528 3817 5902 6794 3409 5213 6404 9137 9305 5307 4450 1879 97 8998 5959 8532 6682 693 2406 8476 7482
11 211 881 8542 2173 3439 4930 5582 7718 6733 8498 4868
1 9530
1 7621
1 9359
21 6961 7318 4894 1384 696 7553 2233 6004 8566 4705 6430 7097 7028 5710 382 7926 7106 9541 9509 8845 3861
2 9914 4580
19 445 8179 3333 3257 4112 8209 8370 3066 7668 7438 6420 4003 8348 5250 1753 1396 1979 9740 1087
1 1114
30 9409 606 2912 24 4098 541 4877 7329 4537 4648 9613 284 9897 9737 8239 5941 9474 4351 152 4482 1322 2795 1659 420 3125 9467 7338 26 4922 7964
18 4065 5679 5913 8431 6859 333 7945 3018 8528 3822 8097 4998 7051 7918 4641 5294 3417 2816
34 9514 5335 1066 6002 4059 61 741 3743 5027 7810 8055 2523 825 7870 5732 9666 3680 4405 9526 5291 3624 81 5340 1029 9941 4762 815 3242 9415 7688 8809 5198 763 7017
1 7522
2 2177 7713
2 5985 5883
2 923 7641
1 1998
1 766
1 1284
2 7655 644
29 2949 6706 8518 9707 2429 4618 554 2576 9626 3049 1735 8021 1625 565 9030 1363 2324 4107 6762 6251 7501 907 3818 1035 4638 8697 9989 2630 3705
2 5573 8753
1 6834
2 7383 3367
31 6807 5598 5769 1815 9698 3564 7640 6502 8787 8302 1406 4635 8573 1674 507 6399 8902 951 7643 5481 7680 524 1682 6363 3609 850 6869 2993 831 9639 9243
22 7198 2714 3103 8328 4624 8586 4223 1685 640 1913 1177 8035 9240 408 3767 7280 4931 8354 8441 1249 4599 7733
1 1546
1 1018
27 5299 4094 6456 9888 7849 3697 7188 2507 1651 2642 965 8274 35 5662 7762 6746 1710 1693 9353 9534 6042 3429 6737 905 4175 4212 9910
2 1695 4321
1 3870
23 3527 5227 5358 1734 5990 9282 533 4686 6647 39 3496 4024 1199 1168 6543 9403 4373 9840 4952 836 5669 5896 8607
16 3739 9011 2731 7342 4403 6389 8741 275 5919 262 418 9726 438 8623 5493 9404
14 2981 5593 2343 8931 7425 5484 7340 3387 3081 3504 8762 3229 7356 5873
1 2448
3 5742 9600 5599
26 726 4511 9267 9890 6786 2031 7435 2036 1352 4404 8843 320 350 1827 3178 4881 4004 9181 2953 592 4548 7359 1377 7059 7992 4185
19 3557 2896 3802 7209 6615 5374 5298 3502 7014 9092 8017 3194 7599 594 5141 7863 3324 7904 6444
22 3540 7186 6053 5654 6361 3918 9511 8791 6985 1676 1459 137 6495 7068 8048 1654 3023 4936 4811 7011 748 9396
1 5254
29 1492 9166 4706 9452 7546 9640 2904 3029 3092 1223 5816 874 8782 1797 7145 839 7788 7651 3570 6747 5532 5104 77 2001 8633 1698 5147 6520 7985
22 9109 1634 267 1369 2754 867 5045 7842 2978 3977 4997 1736 5384 2168 7095 3926 4926 5731 1731 7590 2002 390
24 3430 8440 6536 5920 4205 1245 8945 5777 330 5540 8933 2025 283 153 3145 7671 6891 8714 9271 7100 3820 3359 3771 3514
23 457 2881 5955 5674 7380 1949 4397 1297 6932 4457 6824 2122 6681 2561 167 2202 8197 4766 7989 579 1478 562 7820
23 4984 4056 6110 9851 3891 4583 2538 9806 7927 498 2984 7411 643 4123 3315 8284 8335 7898 4419 613 6154 6889 7181
27 8271 477 8932 1609 3236 5049 7224 5626 1792 989 8529 9458 4285 3566 1947 9800 9351 5635 2144 7099 9883 8387 7012 2308 9451 8345 8569
32 7861 961 157 4742 2020 5406 3239 8698 3410 8158 394 892 2748 3276 332 9586 428 7191 454 4074 5909 6855 3659 1925 8307 6768 5550 4551 5683 6214 1088 8106
13 384 3508 7930 6531 129 1851 6847 9169 2968 5977 5439 9454 3275
32 3156 677 5497 1305 2356 2296 5727 3579 3575 9128 7114 3510 3396 7255 9743 4595 5572 7874 120 7558 1464 7637 1098 3694 8819 5725 6726 5707 1216 8070 3611 8275
20 9289 1977 5112 7636 3640 967 199 6268 2710 5864 5419 8050 6229 6995 6564 5634 1080 7702 5412 3536
3 1037 5281 7844
17 7662 5437 8500 369 601 5373 4032 698 9732 6104 2933 6830 3797 5072 327 3525 2814
19 6547 4973 2654 2075 1689 9132 9143 9657 4800 5622 2237 5062 1108 1763 8946 4363 7917 7251 143
17 6076 1721 8273 7729 4099 7334 249 7635 1368 2500 388 3864 8478 9034 6611 4971 9714
22 2147 9104 9071 3325 2551 7344 8667 2323 5364 3661 3939 7551 3700 538 3227 264 9644 8891 1542 4747 49 797
9 8599 5950 1615 6760 9257 251 5467 9796 7795
24 400 9965 1995 2782 3398 212 2000 4857 4834 7777 9229 6462 8218 2678 184 3956 9756 17 6289 8322 4492 6 1020 6890
1 7432
19 318 313 2928 1186 935 2977 584 2368 8974 9047 2155 1849 5492 8948 2847 1701 3184 5788 9850
16 2171 1433 5382 9862 2534 4550 2739 2749 6775 5786 971 8276 5138 3505 7996 7611
18 6293 9100 2240 4245 4939 816 6820 202 3597 1666 2350 6937 4000 8815 5753 1663 8365 9088
22 9495 5393 2293 1267 7867 645 6966 9761 3993 1872 379 7125 2084 7192 609 5556 4252 8340 6614 1744 1868 7133
18 5711 2825 9557 6279 7010 6426 952 7746 105 9548 4470 1007 393 2283 4753 4116 5652 2326
21 1970 6245 5158 6133 849 6927 459 1415 189 3330 5019 7886 1780 7157 4640 6528 9739 899 5811 3887 6246
32 5971 1332 6849 5744 4170 8736 6924 9691 8536 513 4028 3433 7882 3759 2937 5101 9160 4701 7276 5630 1073 7175 9688 9895 2672 1694 8162 8538 4691 322 8349 8123
17 3751 6581 7510 7817 5215 2003 9667 3526 9124 7423 8522 4900 2836 5446 6260 9637 1288
22 9735 9180 4602 3875 772 2121 8785 7769 4358 3305 7021 9441 5877 3186 595 486 7189 7228 8838 3427 9013 1293
24 6239 4208 2783 2382 4826 47 1660 8617 767 2760 4768 5559 8738 6443 3832 2380 8661 932 4118 6099 593 2564 401 6348
13 2359 3163 8026 8574 3392 9375 1298 1703 2522 4510 4333 5828 8304
9 4523 4810 3503 6632 2481 2298 8202 8971 973
18 8104 3779 9830 5507 7172 7687 3601 6222 8244 8481 5610 1747 9533 8199 1821 3252 8913 5857
18 7534 4415 3906 2314 852 4371 6235 5105 21 9258 8153 5555 1982 73 4239 5840 6514 9005
21 8848 6851 7230 4863 8554 8940 3181 3537 272 5933 5603 1702 2923 7720 5139 3165 3890 6207 6349 1931 495
24 902 9544 8323 6003 1628 1460 6398 6125 7372 7118 6618 9392 8909 576 2768 2004 7997 6509 6621 4218 9663 108 7836 1726
17 6319 2330 1203 3428 6813 4340 9518 8668 752 4174 1484 5549 4820 2908 9172 8744 8163
22 1524 9633 9559 2426 4202 5409 6526 7971 4940 1324 5564 6056 4073 2690 4468 4191 631 866 8900 3492 8666 7673
23 6877 4194 817 9974 150 2973 1550 1518 559 6009 1 8937 8150 2898 7679 984 8549 605 9978 2191 8606 3322 1375
17 6645 977 1835 2857 1564 4012 624 7037 9958 361 4442 5073 2812 1586 6545 869 8232
20 5621 3512 1111 2997 494 6062 3846 5495 6313 9363 4651 2057 3296 9750 1262 3792 9608 3723 2845 3286
25 8978 6756 1100 2079 1580 9297 4645 8595 3530 6910 8918 6856 515 8493 1016 558 2858 8907 3098 9307 4188 9721 5825 9069 6934
29 2436 9412 1588 720 5017 6767 6473 8823 1175 8037 8951 3205 1365 4121 7732 7282 4221 5670 1457 4165 9973 3548 9984 5157 7154 441 5024 7649 8972
8 3161 798 3911 5918 8704 7001 9876 3020
23 1697 6669 4807 3199 608 708 2470 2612 3075 8334 581 1448 614 5830 6542 6697 528 3076 3676 2936 4140 7264 8331
22 6135 3596 9052 8426 5425 3354 1430 5426 9516 4584 6416 1424 510 9687 819 7328 1360 5258 995 5889 6311 6152
13 8173 6274 9975 6584 5690 6159 8793 9372 9519 3337 1462 6355 207
25 5517 2143 2401 3603 780 4720 5698 1655 7275 412 2246 9444 1292 547 6077 5326 5898 1289 746 3978 9323 9875 4530 722 5512
24 7585 4761 7248 482 3778 9070 5888 9836 8800 6357 1819 8242 3356 2796 1094 6072 4151 5346 3256 8756 4210 3633 4987 1207
31 8310 2920 4377 769 7877 2278 9207 7140 4693 1593 945 699 8774 8410 7934 95 9680 1537 7778 4937 6548 5134 8432 5778 2595 7583 7624 4005 2269 0 4023
18 3986 8110 9322 8749 4902 7397 1786 3684 9919 3234 5000 4324 103 4751 2677 7496 4383 2862
15 8373 6904 5041 1882 7536 4899 9957 7200 6687 9301 7337 7566 5937 8503 7039
19 4709 5815 4119 7193 6255 5088 2831 449 9480 7352 5589 1533 8684 3899 9076 4757 2488 8226 2865
19 6340 8187 3632 1215 9182 9238 5074 990 9284 3487 6129 5997 4745 5531 1149 8251 6616 5460 7731
32 3444 7463 4855 610 6780 219 9405 2942 8435 8699 8783 8207 9869 6474 5712 7816 9575 9357 636 938 7697 2311 2156 4754 7853 1321 1411 7052 8888 5563 3134 4178
26 315 2711 2531 3017 6951 1170 7876 661 2338 2537 1768 6041 4453 7516 5583 1045 9877 3360 3935 6612 1096 8780 5961 5705 6365 6690
24 4228 164 8085 9464 1587 2640 2771 9151 6907 8018 2899 5587 6157 9021 1548 2473 6679 804 2823 1397 7623 8215 5048 914
28 8448 4020 5602 2999 292 7386 6523 9364 2397 6218 1700 1523 7148 4312 4871 8258 9865 2485 2226 2876 269 5345 2423 7038 2334 2961 392 749
19 9138 5260 6512 6921 2477 928 8064 2769 7497 7031 1749 6249 1793 784 5130 611 4490 7953 8612
22 3740 4953 5214 9947 5809 1480 1282 4777 5211 9062 5810 2911 226 4567 2024 8141 5316 5463 948 7476 6193 9794
19 8028 1715 2535 5872 3450 9379 8540 936 556 8004 1058 503 7053 8124 3670 455 8278 7042 9776
26 7320 9347 6485 1251 7117 730 7690 2577 6558 141 3949 4249 2373 3232 5344 5763 8844 3312 5475 6046 8893 4570 3000 4600 4542 5449
22 415 4344 8851 9440 2975 7150 3292 9659 9697 8318 5428 7642 160 8336 6447 1174 5633 2943 3087 1633 1225 2848
22 4080 3490 497 583 856 6172 9065 66 9607 5021 3454 6014 4359 6325 6226 3407 6049 8201 2579 5404 4823 7311
21 1102 8795 6843 3169 5782 5660 3308 6272 9658 7924 6522 6036 4362 7295 8165 2811 6323 5461 1385 5536 5874
29 1090 8548 4661 5090 6139 7554 6942 8588 9191 6752 2290 7931 3434 657 67 8906 7966 539 2873 7753 1836 6568 3876 1366 9067 756 6958 9184 3883
24 6410 9487 9543 1627 8868 4938 1422 5123 1568 1428 5004 3447 946 814 9822 4152 5327 1026 8145 7983 1704 6212 3863 5376
18 5169 2128 4347 7316 9270 7503 7187 684 1525 6769 9708 5687 2258 9488 8658 9878 3929 8861
22 6567 2198 8995 4617 8996 3338 2989 5154 3027 1781 9783 4030 8061 5185 6501 3902 1708 1858 9614 9993 2628 9673
17 4744 6850 6391 7513 7682 6880 6431 1622 2894 7659 2487 6594 3662 2786 4364 3043 5063
14 7483 6059 9157 8471 1071 4856 4612 9791 1056 630 1390 6384 421 1185
15 5557 4944 9949 4433 4802 1508 4335 3004 1787 2342 8565 8172 1173 6499 8019
24 2216 9595 439 2464 4200 2817 481 9272 871 1561 6106 7529 9911 4582 4477 5851 3215 1764 776 9966 5325 2257 8269 8113
21 7557 7226 9341 9576 7665 1443 2335 1679 5708 8550 7507 2501 4950 7153 6174 8356 5098 7395 9058 6933 2851
27 7512 7180 6206 1218 3188 6550 4666 2119 9381 799 4114 4498 2945 8650 9221 9964 9571 5793 2381 7292 2615 3265 1285 5505 176 6439 20
21 7579 5650 6580 1686 5156 9106 1709 7176 8872 5733 6264 6006 6962 8347 3079 1754 2450 6217 5842 3959 5545
16 6484 9232 3731 2740 1772 5537 9299 8755 600 9798 8132 5897 3681 4473 1118 4996
22 435 8786 6413 5135 4035 8157 6089 9273 1276 1453 2504 561 134 4517 7288 2852 7591 9587 351 6306 1427 9097
19 6563 2651 5240 9158 3122 4244 7698 3785 542 7277 7363 6868 3389 1442 5257 8949 8411 7559 6492
28 5218 8213 6658 2006 3849 5856 9926 7465 6202 2118 9874 6969 1553 5994 3099 3210 5247 4503 5502 7195 4932 5164 564 2125 9642 4735 9443 9677
23 210 6475 4704 4782 5457 1048 3666 2417 2037 2565 3470 1235 4840 8857 9239 5741 3595 2582 446 5312 3679 6191 5817
17 7609 8031 8299 7086 80 288 2478 3091 5924 1881 6074 9591 5989 3716 9215 2411 5988
18 4913 6900 4965 3789 5608 9593 6262 5391 9384 8958 4148 8975 3206 1935 4310 336 845 2940
23 7000 248 2982 633 2539 1474 4398 280 6359 8860 7757 4135 9867 4626 8469 5401 4465 5762 242 5637 5127 4577 5944
6 3272 9986 7954 707 1473 2770
36 9411 9799 1883 4882 5881 8262 2357 271 7357 1852 4630 3384 950 3022 1745 4639 7287 7245 1179 3062 2557 3940 509 3293 5094 5801 7247 1818 8235 534 4261 2131 7625 2203 5416 2659
18 1046 9647 1110 7811 5452 4854 7754 52 3216 1538 8778 9506 4500 9624 3728 3298 2806 6993
14 8326 9784 6116 6622 7130 1187 8805 7771 3762 5524 1347 6795 1801 7696
26 5347 7787 5285 8445 9466 7211 7479 7562 7081 1181 6999 5238 7062 7006 8027 4251 4625 9856 3277 1379 2886 8216 702 6766 5230 6919
26 6765 7085 9078 3220 6402 9684 6422 2686 3469 7941 5001 9998 1624 5080 1590 4235 548 345 3464 2096 2592 7126 2750 2165 5884 3569
13 894 8721 8470 6540 8344 654 5561 8986 7606 8685 9977 6955 4133
21 6244 3117 4656 7103 5700 387 536 5262 8523 5385 1519 1166 7815 7854 3015 1156 7290 648 6242 1128 5432
28 4349 4794 8346 511 6192 9064 3058 4331 3531 2333 3493 3946 7627 9159 7734 285 7521 5099 8281 6109 8999 2692 294 5664 8195 3927 7348 3033
23 5124 2663 7686 6727 8188 6223 7857 2443 3973 6225 4915 8408 7426 6314 4269 6827 4541 9129 3523 913 8808 4268 1336
22 3445 6058 992 2180 409 8272 2885 9319 4117 929 2916 2694 9821 8473 6184 6759 1354 54 2998 2499 3637 1120
23 1755 502 846 3669 4615 3930 3432 8511 1960 8662 8687 6043 7699 6578 964 5736 5348 2196 9661 5390 1887 4861 4908
25 4657 6000 4291 128 5584 5783 7034 7364 7498 4654 4125 9833 7560 6692 5925 1253 3320 5121 4504 4672 4620 1808 7951 3522 2853
14 6333 4029 7843 3970 1598 991 6452 8679 7218 8389 4554 5408 6964 4671
30 6875 328 3024 41 6021 6360 3947 7434 1843 98 8214 9512 4366 7414 2513 2175 8510 8105 7587 1976 7798 1846 2063 3516 2879 6626 7784 5174 3032 3950
17 9817 1431 8312 3031 4043 9547 6446 8810 6230 4438 7892 1877 8156 9674 1641 6853 3413
18 8038 9741 8830 2850 8109 4912 855 198 8126 9108 985 6371 9994 1329 9123 3158 1652 5790
12 1670 78 2859 5365 3282 7841 8230 6285 2593 9099 7460 1425
16 9754 3213 3714 8576 3237 5993 8829 5420 5987 651 4367 9339 926 6631 6534 5293
19 7940 6352 1967 9043 7872 9233 9863 6315 2404 3001 8206 571 9885 7708 7413 2469 6112 6241 2409
15 4068 3173 7296 1804 7588 5136 5496 8568 6720 9849 6792 9004 3533 9439 4951
26 8803 615 8682 832 3615 1346 8300 6356 8820 7796 4409 6094 589 9524 2192 2029 2427 3419 5509 6145 8507 1400 1092 4425 5077 1507
22 2480 7398 1910 3754 2167 5952 2765 7626 4234 6886 9553 9843 6267 6773 6302 9290 1730 1205 2318 8943 7943 4354
30 3910 2536 6307 6741 8784 378 9002 6903 9981 3663 2745 4787 2126 6674 8058 6146 3061 6320 7970 5216 1487 4859 6976 3283 195 5454 79 1086 868 3987
21 8194 2787 8761 6503 5116 6832 3782 3258 9083 9780 8006 2619 7139 5320 1083 5750 3254 3039 6187 4779 6477
26 3176 4437 7430 9246 6711 7994 4088 6280 7162 5228 9457 4575 8486 3135 6297 3553 116 5350 6427 9760 5625 4901 5836 1060 8137 2618
21 9497 8653 4764 4481 6538 3952 2680 4204 1502 1727 4100 3515 5197 1526 6700 5095 7402 5749 2243 5697 2169
28 6220 7884 9199 3532 5487 5962 1831 9054 800 865 6243 9539 1446 3917 201 6083 6841 9091 9057 9854 3844 5745 2010 8255 4909 9781 5659 9311
19 7988 8991 8051 7080 6680 2160 9456 6382 1775 4809 1296 3563 5926 8286 7485 669 8726 2322 170
22 9179 6141 5241 5369 2518 4990 5201 9376 4232 2793 8525 7856 4748 1241 6428 5928 6661 3484 4925 8430 5078 4399
27 9556 627 1010 9485 1640 1845 2250 9738 7792 8506 2790 2234 5036 9026 1320 7737 1965 4272 4082 4572 8657 1953 4161 4079 4339 8959 6300
25 1777 8747 3083 3054 8796 5779 7466 9410 4722 1541 5804 8917 9006 862 1283 9653 4169 9423 1426 5894 1607 8880 2300 685 3914
35 55 6115 8559 6952 4873 2738 3148 9852 4455 8832 718 3170 4299 6729 4786 4017 9712 4147 4652 5770 2033 9103 1383 9331 5482 4016 3013 6801 1021 8619 3837 1479 6994 2145 2625
35 190 8484 9473 1637 9306 6455 4848 4502 168 2455 1201 6305 7759 7019 6078 7595 2568 15 3722 8935 4372 9946 6667 3805 1933 9588 9502 1152 1549 185 7667 5508 1202 8238 1055
31 2230 3317 8198 5205 5663 9654 2140 2235 4376 9628 982 354 40 4356 4209 2498 5031 255 9872 518 1342 904 3223 6114 1107 3703 1720 9253 8087 7168 2321
22 5516 9757 2967 5636 9345 3717 506 5837 4623 8266 9570 2931 883 4773 5166 1229 7050 9664 5813 2698 8221 9711
24 3453 9118 8259 9742 2115 1504 6247 3534 4159 6790 4176 4513 1885 237 9001 5338 4928 7241 6637 7577 5850 9990 7307 131
26 5282 7638 3991 8766 3807 3036 2059 4326 1595 8597 5182 674 1030 9321 6301 8616 6648 43 1554 3297 205 324 1333 7382 5011 8923
21 2556 6380 7392 8551 2613 9734 3150 2340 5878 2462 6949 9807 4183 5781 3063 6351 6330 7268 1576 8080 9915
15 688 9880 8115 7419 6709 2950 1762 6065 4516 5910 2689 3889 6136 2704 1619
18 4819 1325 516 1891 7610 6513 7492 9135 3599 1130 1413 2494 3423 6183 6988 4220 1570 2840
23 9042 4153 5287 6601 2732 3783 7727 8419 8620 8343 2178 4989 6990 7592 8504 5767 8944 2965 1848 8866 9048 7146 8594
9 1789 4144 4192 3071 165 8369 1894 432 1599
31 7677 9627 7704 6168 1221 658 1873 9610 7683 4605 9116 7043 2702 2248 2497 6722 2805 9826 8014 859 2416 2744 4298 8092 2763 8964 2594 1301 5176 8463 3349
21 5008 2527 2415 724 8760 8656 508 3776 1388 6231 4505 8325 3350 7305 4721 777 6339 3412 2902 7742 3850
23 6575 5189 7912 5838 3393 7666 5915 7580 281 115 194 5100 6823 5943 2405 5761 7408 3733 7518 5470 690 9811 8582
26 5034 3329 4164 8203 5541 6454 3426 5303 4593 2653 9419 9912 30 4658 582 3699 9583 1371 1603 6894 45 7354 1936 31 4127 9736
30 4184 8309 6922 6029 1863 9286 6498 1232 4410 8816 2809 8182 1942 5172 3141 122 4060 7488 96 6034 7449 2903 9903 6256 4275 6158 8908 1085 2691 4795
20 230 6967 9015 4703 8400 402 4472 4964 9683 9945 7835 8875 5349 7538 4237 301 2697 8319 2897 9476
12 8200 9366 8592 2872 5151 2855 8468 755 9220 1636 7374 3562
4 8982 1699 1093 2540
27 9255 1955 6123 3108 3966 3370 3051 8167 5803 5107 833 847 4426 5503 2468 3625 243 3438 7743 6561 5676 5787 5002 6781 879 3903 8870
13 2777 7960 4262 6180 356 6866 7658 9787 2133 5936 6057 3688 8147
17 5140 3592 6948 3136 1277 4621 6791 4956 652 2842 5037 8467 9606 7121 8837 2983 3931
6 3774 5570 2844 8929 4320 5616
24 8609 8379 6989 3909 3554 46 5818 8926 5310 543 2602 9908 1163 5827 9686 3980 1577 1964 4763 8452 2629 1095 9484 3836
16 9462 8646 4173 9479 1765 6309 4131 7225 291 1183 4215 4122 8701 3671 9792 8712
28 3050 6718 6316 2641 7494 8155 3073 5366 607 4163 779 9724 9268 1308 5704 3455 4322 6432 2097 2655 3941 5740 9542 5506 3644 3448 7968 1813
19 5064 4734 4539 2580 1551 232 7982 3465 3198 9193 3823 8388 3399 8777 4303 6914 451 9765 5020
28 656 9681 4546 1527 4137 5695 3451 4497 1309 5907 106 9620 5221 2762 3101 1612 7790 9447 3660 2083 8914 8270 2822 4242 8327 7744 7261 6721
19 921 4441 5279 9478 5486 6602 9929 3598 3361 8887 5378 6854 4573 3235 5051 13 7437 398 2134
14 742 10 6785 6510 2428 8393 4991 171 6250 4015 1961 7123 710 3224
29 1313 1830 3816 5678 5466 7840 2355 9561 6066 461 3524 216 6897 8545 5527 6802 2104 7725 5117 3303 5110 5410 2723 4463 6770 9499 5057 5248 6124
13 5498 2700 7029 4732 4982 1811 111 5003 8451 5047 2329 8078 9326
13 9848 2433 1239 7047 1806 9713 8732 9455 5946 5912 1966 2172 107
20 156 6659 5070 3905 6566 2766 7094 9748 1918 6668 5754 101 3835 460 3151 6991 2516 4042 6080 3664
21 3468 3482 7315 8033 9701 5380 5658 9361 1461 1008 6178 3074 6270 5331 3344 1895 488 9767 3019 1906 1562
20 2882 5619 9130 2284 3895 2034 2364 7082 7532 8655 2069 3162 4631 1618 6555 8174 3014 1575 2880 2358
16 4772 8160 4278 6318 6947 5747 829 9222 5236 7291 9040 5812 7079 762 1691 4292
11 1286 5639 7056 5392 191 4983 1274 5533 7828 148 5953
25 1240 6012 2605 9477 5477 9562 704 7477 9751 2407 6346 2715 473 5396 9894 9230 5820 673 2849 944 6788 3965 8083 6603 9922
24 4141 7631 9832 8768 2011 5799 290 1930 6064 8987 6806 90 5734 7520 3852 9431 5035 8443 764 4230 9126 3612 5776 616
18 5394 161 3583 6290 6974 5908 5191 1025 2524 5768 426 5932 4680 5355 1990 6911 4189 7024
20 1565 1725 1436 5844 1752 6292 3221 1259 3689 9788 9122 7607 1788 9119 5431 3327 6093 7980 9461 2252
14 550 8339 5730 3102 940 1119 1623 7545 2194 3143 9615 4918 2815 8490
9 8886 9398 413 2347 9147 5895 2070 8622 4186
14 1513 6387 256 9170 8513 9386 6838 3034 8409 6388 8423 163 4844 1642
10 7528 9295 574 9528 1940 9266 7112 5202 7899 8654
37 6656 6189 8376 4885 3424 277 8835 1908 417 3840 6836 92 6425 3636 348 6121 2077 8772 8798 5120 6134 6808 4942 6081 2553 4407 7265 7233 9428 6037 5233 9745 2868 7603 9860 9668 8865
28 1986 2957 1500 1496 9527 100 9858 8585 7490 3992 4985 5133 8743 1486 4009 1606 2054 5785 6860 4726 4808 5339 7955 2287 1290 5435 3035 124
29 1869 5554 5746 802 5719 1729 1054 8059 9617 102 6818 3901 8407 979 1746 7672 6102 4608 5530 7785 5595 5010 7878 4236 787 598 7722 3791 5544
16 1842 3828 7124 1566 5168 2646 6691 7358 1440 3132 1919 9365 2638 2310 1258 4041
9 8632 6397 6918 4943 5423 6717 8581 8332 4886
13 3650 3788 7454 4647 5703 9772 2139 5696 7705 9024 5363 3012 6750
17 4698 4824 8039 217 9244 2071 9178 28 5277 2976 2389 1820 2878 9599 6322 2617 391
20 6630 4532 3974 1198 5092 3494 5558 1859 1671 8526 8828 2201 1712 5223 3677 5322 7069 1829 4962 2238
19 6298 3511 6915 6130 8997 2447 5122 3711 2454 5462 960 8180 6010 4451 6448 5688 8363 8222 6111
19 7555 2673 3319 7267 7630 2596 3211 2545 3385 9967 1596 9725 4051 2148 7450 6291 5485 220 7568
20 4274 9731 1791 9324 8767 740 4591 2631 3351 8129 2093 6707 8170 1331 1358 3801 257 8934 994 3934
18 9810 2741 9012 659 1132 6883 6376 8151 71 9017 1732 7023 3971 6569 5773 7946 1805 6539
22 5686 6984 6023 8412 4872 5627 7749 6839 2645 458 8366 7741 1905 5680 7747 6176 6761 8716 416 6445 770 1009
16 7650 2142 3613 6429 5286 4974 4254 2728 304 312 664 7057 9552 7615 4338 4077
19 680 2370 6619 736 3214 8512 2186 5677 7978 604 6796 7721 3769 8751 7751 7390 5044 9025 8674
26 376 475 596 9037 2791 8116 1393 8225 2315 5083 6423 8293 7016 4486 4086 2668 3552 9145 149 1116 3273 411 6895 7789 998 9522
16 6562 7164 8807 2670 537 2354 5255 2517 5066 4380 3285 4416 8561 1359 9747 3617